2020.11.14 22:01:44 INFO  Started: Metals version 0.9.5 in workspace '/home/falcon/p/hos2/c10' for client vscode.
2020.11.14 22:01:45 INFO  time: initialize in 1.68s
2020.11.14 22:01:46 WARN  Build server is not auto-connectable.
2020.11.14 22:01:46 WARN  no build target for: /home/falcon/p/hos2/c10/build.sc
2020.11.14 22:01:49 INFO  no build target: using presentation compiler with only scala-library
Nov 14, 2020 10:01:49 PM org.eclipse.lsp4j.jsonrpc.RemoteEndpoint handleCancellation
WARNING: Unmatched cancel notification for request id 3
Nov 14, 2020 10:01:49 PM org.eclipse.lsp4j.jsonrpc.RemoteEndpoint handleCancellation
WARNING: Unmatched cancel notification for request id 12
Nov 14, 2020 10:01:49 PM org.eclipse.lsp4j.jsonrpc.RemoteEndpoint handleCancellation
WARNING: Unmatched cancel notification for request id 7
Nov 14, 2020 10:01:49 PM org.eclipse.lsp4j.jsonrpc.RemoteEndpoint handleCancellation
WARNING: Unmatched cancel notification for request id 20
Nov 14, 2020 10:01:49 PM org.eclipse.lsp4j.jsonrpc.RemoteEndpoint handleCancellation
WARNING: Unmatched cancel notification for request id 26
Nov 14, 2020 10:01:49 PM org.eclipse.lsp4j.jsonrpc.RemoteEndpoint handleCancellation
WARNING: Unmatched cancel notification for request id 29
Nov 14, 2020 10:01:49 PM org.eclipse.lsp4j.jsonrpc.RemoteEndpoint handleCancellation
WARNING: Unmatched cancel notification for request id 18
Nov 14, 2020 10:01:49 PM org.eclipse.lsp4j.jsonrpc.RemoteEndpoint handleCancellation
WARNING: Unmatched cancel notification for request id 39
2020.11.14 22:48:56 WARN  no build target for: /home/falcon/p/hos2/c10/build.sc
2020.11.14 22:49:09 WARN  no build target for: /home/falcon/p/hos2/c10/build.sc
2020.11.14 22:49:09 INFO  skipping build import with status 'Dismissed'
2020.11.14 23:00:30 WARN  no build target for: /home/falcon/p/hos2/c10/build.sc
2020.11.15 00:40:02 INFO  shutting down Metals
2020.11.15 01:19:20 INFO  Started: Metals version 0.9.5 in workspace '/home/falcon/p/hos2/c10' for client vscode.
2020.11.15 01:19:21 INFO  time: initialize in 1.48s
2020.11.15 01:19:22 WARN  Build server is not auto-connectable.
2020.11.15 01:19:22 WARN  no build target for: /home/falcon/p/hos2/c10/build.sc
2020.11.15 01:19:22 INFO  skipping build import with status 'Dismissed'
2020.11.15 01:19:24 INFO  no build target: using presentation compiler with only scala-library
2020.11.15 01:30:54 WARN  no build target for: /home/falcon/p/hos2/c10/build.sc
2020.11.15 01:30:54 INFO  skipping build import with status 'Dismissed'
Nov 15, 2020 1:37:05 AM org.eclipse.lsp4j.jsonrpc.RemoteEndpoint handleCancellation
WARNING: Unmatched cancel notification for request id 1185
Nov 15, 2020 1:37:05 AM org.eclipse.lsp4j.jsonrpc.RemoteEndpoint handleCancellation
WARNING: Unmatched cancel notification for request id 1187
Nov 15, 2020 1:37:12 AM org.eclipse.lsp4j.jsonrpc.RemoteEndpoint handleCancellation
WARNING: Unmatched cancel notification for request id 1277
Nov 15, 2020 1:37:13 AM org.eclipse.lsp4j.jsonrpc.RemoteEndpoint handleCancellation
WARNING: Unmatched cancel notification for request id 1297
2020.11.15 01:37:21 WARN  no build target for: /home/falcon/p/hos2/c10/build.sc
2020.11.15 01:37:22 INFO  skipping build import with status 'Dismissed'
2020.11.15 01:42:49 INFO  shutting down Metals
