2020.11.21 22:15:11 INFO  Started: Metals version 0.9.6 in workspace '/home/falcon/p/hos2/c5' for client vscode.
2020.11.21 22:15:12 INFO  time: initialize in 1.75s
2020.11.21 22:15:13 WARN  Build server is not auto-connectable.
2020.11.21 22:15:13 WARN  no build tool detected in workspace '/home/falcon/p/hos2/c5'. The most common cause for this problem is that the editor was opened in the wrong working directory, for example if you use sbt then the workspace directory should contain build.sbt. 
2020.11.21 22:15:13 WARN  no build target for: /home/falcon/p/hos2/c5/ParseFromString.sc
2020.11.21 22:15:16 INFO  no build target: using presentation compiler with only scala-library
2020.11.21 22:15:32 WARN  no build target for: /home/falcon/p/hos2/c5/TestTypeclassInference.sc
java.lang.NullPointerException
	at scala.meta.internal.metals.ammonite.Ammonite.$anonfun$maybeImport$3(Ammonite.scala:208)
	at scala.meta.internal.metals.ammonite.Ammonite.$anonfun$maybeImport$3$adapted(Ammonite.scala:205)
	at scala.concurrent.impl.CallbackRunnable.run(Promise.scala:64)
	at java.base/java.util.concurrent.ThreadPoolExecutor.runWorker(ThreadPoolExecutor.java:1128)
	at java.base/java.util.concurrent.ThreadPoolExecutor$Worker.run(ThreadPoolExecutor.java:628)
	at java.base/java.lang.Thread.run(Thread.java:834)
2020.11.21 22:15:32 WARN  no build target for: /home/falcon/p/hos2/c5/TestTypeclassInference.sc
2020.11.21 22:15:34 WARN  no build target for: /home/falcon/p/hos2/c5/TestTypeclassInference.sc
2020.11.21 22:15:41 WARN  no build target for: /home/falcon/p/hos2/c5/ParseFromString.sc
2020.11.21 22:17:19 WARN  no build target for: /home/falcon/p/hos2/c5/ParseFromString.sc
something's wrong: no file:///home/falcon/p/hos2/c5/ParseFromString.sc in this.StrParser[T]RangePosition(file:///home/falcon/p/hos2/c5/ParseFromString.sc, 623, 623, 635)
something's wrong: no file:///home/falcon/p/hos2/c5/ParseFromString.sc in this.StrParser[T]RangePosition(file:///home/falcon/p/hos2/c5/ParseFromString.sc, 623, 623, 635)
something's wrong: no file:///home/falcon/p/hos2/c5/ParseFromString.sc in this.StrParser[Seq[T]]RangePosition(file:///home/falcon/p/hos2/c5/ParseFromString.sc, 643, 643, 660)
something's wrong: no file:///home/falcon/p/hos2/c5/ParseFromString.sc in this.StrParser[Seq[T]]RangePosition(file:///home/falcon/p/hos2/c5/ParseFromString.sc, 643, 643, 660)
something's wrong: no file:///home/falcon/p/hos2/c5/ParseFromString.sc in this.StrParser[Seq[T]]RangePosition(file:///home/falcon/p/hos2/c5/ParseFromString.sc, 643, 643, 660)
something's wrong: no file:///home/falcon/p/hos2/c5/ParseFromString.sc in Seq[T]RangePosition(file:///home/falcon/p/hos2/c5/ParseFromString.sc, 653, 653, 659)
something's wrong: no file:///home/falcon/p/hos2/c5/ParseFromString.sc in Seq[T]RangePosition(file:///home/falcon/p/hos2/c5/ParseFromString.sc, 653, 653, 659)
2020.11.21 22:20:28 WARN  no build target for: /home/falcon/p/hos2/c5/ParseFromString.sc
2020.11.21 22:22:04 WARN  no build target for: /home/falcon/p/hos2/c5/ParseFromString.sc
2020.11.21 22:23:25 WARN  no build target for: /home/falcon/p/hos2/c5/ParseFromString.sc
2020.11.21 22:23:56 WARN  no build target for: /home/falcon/p/hos2/c5/ParseFromString.sc
something's wrong: no file:///home/falcon/p/hos2/c5/ParseFromString.sc in this.StrParser[Seq[T]]RangePosition(file:///home/falcon/p/hos2/c5/ParseFromString.sc, 733, 733, 750)
2020.11.21 22:24:10 WARN  no build target for: /home/falcon/p/hos2/c5/ParseFromString.sc
something's wrong: no file:///home/falcon/p/hos2/c5/ParseFromString.sc in this.StrParser[T]RangePosition(file:///home/falcon/p/hos2/c5/ParseFromString.sc, 621, 621, 633)
2020.11.21 22:24:53 WARN  no build target for: /home/falcon/p/hos2/c5/ParseFromString.sc
something's wrong: no file:///home/falcon/p/hos2/c5/ParseFromString.sc in this.StrParser[T]RangePosition(file:///home/falcon/p/hos2/c5/ParseFromString.sc, 621, 621, 633)
2020.11.21 22:25:05 WARN  no build target for: /home/falcon/p/hos2/c5/ParseFromString.sc
something's wrong: no file:///home/falcon/p/hos2/c5/ParseFromString.sc in this.StrParser[Seq[T]]RangePosition(file:///home/falcon/p/hos2/c5/ParseFromString.sc, 641, 641, 658)
something's wrong: no file:///home/falcon/p/hos2/c5/ParseFromString.sc in Seq[T]RangePosition(file:///home/falcon/p/hos2/c5/ParseFromString.sc, 651, 651, 657)
something's wrong: no file:///home/falcon/p/hos2/c5/ParseFromString.sc in this.StrParser[T]RangePosition(file:///home/falcon/p/hos2/c5/ParseFromString.sc, 771, 771, 783)
something's wrong: no file:///home/falcon/p/hos2/c5/ParseFromString.sc in this.StrParser[Double]RangePosition(file:///home/falcon/p/hos2/c5/ParseFromString.sc, 294, 294, 311)
something's wrong: no file:///home/falcon/p/hos2/c5/ParseFromString.sc in this.StrParser[Double]RangePosition(file:///home/falcon/p/hos2/c5/ParseFromString.sc, 294, 294, 311)
2020.11.21 22:31:49 WARN  no build target for: /home/falcon/p/hos2/c5/ParseFromString.sc
2020.11.21 22:32:00 WARN  no build target for: /home/falcon/p/hos2/c5/ParseFromString.sc
2020.11.21 22:32:57 WARN  no build target for: /home/falcon/p/hos2/c5/ParseFromString.sc
2020.11.21 22:33:00 WARN  no build target for: /home/falcon/p/hos2/c5/ParseFromString.sc
2020.11.21 22:34:17 WARN  no build target for: /home/falcon/p/hos2/c5/ParseFromString.sc
2020.11.21 22:34:26 WARN  no build target for: /home/falcon/p/hos2/c5/ParseFromString.sc
2020.11.21 22:34:59 WARN  no build target for: /home/falcon/p/hos2/c5/ParseFromString.sc
Nov 21, 2020 10:46:30 PM org.eclipse.lsp4j.jsonrpc.RemoteEndpoint handleCancellation
WARNING: Unmatched cancel notification for request id 2358
2020.11.21 22:48:13 WARN  no build target for: /home/falcon/p/hos2/c5/ParseFromString.sc
2020.11.21 22:48:34 WARN  no build target for: /home/falcon/p/hos2/c5/ParseFromString.sc
2020.11.21 22:48:40 WARN  no build tool detected in workspace '/home/falcon/p/hos2/c5'. The most common cause for this problem is that the editor was opened in the wrong working directory, for example if you use sbt then the workspace directory should contain build.sbt. 
2020.11.21 22:48:42 WARN  no build target for: /home/falcon/p/hos2/c5/ParseFromString.sc
2020.11.21 22:49:15 WARN  no build target for: /home/falcon/p/hos2/c5/ParseFromString.sc
2020.11.21 22:49:29 WARN  no build target for: /home/falcon/p/hos2/c5/ParseFromString.sc
2020.11.21 22:49:34 WARN  no build target for: /home/falcon/p/hos2/c5/ParseFromString.sc
Nov 21, 2020 10:49:57 PM org.eclipse.lsp4j.jsonrpc.RemoteEndpoint handleCancellation
WARNING: Unmatched cancel notification for request id 2776
2020.11.21 22:49:59 WARN  no build target for: /home/falcon/p/hos2/c5/ParseFromString.sc
2020.11.21 22:50:08 WARN  no build target for: /home/falcon/p/hos2/c5/ParseFromString.sc
2020.11.21 22:50:09 WARN  no build target for: /home/falcon/p/hos2/c5/ParseFromString.sc
Nov 21, 2020 10:51:32 PM org.eclipse.lsp4j.jsonrpc.RemoteEndpoint handleCancellation
WARNING: Unmatched cancel notification for request id 3116
Nov 21, 2020 10:52:05 PM org.eclipse.lsp4j.jsonrpc.RemoteEndpoint fallbackResponseError
SEVERE: Internal error: org.scalameta.invariants.InvariantFailedException: invariant failed:
when verifying scala.meta.classifiers.`package`.XtensionClassifiable[scala.meta.tokens.Token](ScalametaParser.this.token)(scala.meta.tokens.Token.classifiable[scala.meta.tokens.Token]).isNot[scala.meta.tokens.Token.KwCase](Token.this.KwCase.classifier[scala.meta.tokens.Token]).&&(org.scalameta.`package`.debug(ScalametaParser.this.token))
found that scala.meta.classifiers.`package`.XtensionClassifiable[scala.meta.tokens.Token](ScalametaParser.this.token)(scala.meta.tokens.Token.classifiable[scala.meta.tokens.Token]).isNot[scala.meta.tokens.Token.KwCase](Token.this.KwCase.classifier[scala.meta.tokens.Token]) is false
where ScalametaParser = scala.meta.internal.parsers.ScalametaParser@72af186f
where ScalametaParser.this.token = case
where Token = scala.meta.tokens.Token$@73092ed4
java.util.concurrent.CompletionException: org.scalameta.invariants.InvariantFailedException: invariant failed:
when verifying scala.meta.classifiers.`package`.XtensionClassifiable[scala.meta.tokens.Token](ScalametaParser.this.token)(scala.meta.tokens.Token.classifiable[scala.meta.tokens.Token]).isNot[scala.meta.tokens.Token.KwCase](Token.this.KwCase.classifier[scala.meta.tokens.Token]).&&(org.scalameta.`package`.debug(ScalametaParser.this.token))
found that scala.meta.classifiers.`package`.XtensionClassifiable[scala.meta.tokens.Token](ScalametaParser.this.token)(scala.meta.tokens.Token.classifiable[scala.meta.tokens.Token]).isNot[scala.meta.tokens.Token.KwCase](Token.this.KwCase.classifier[scala.meta.tokens.Token]) is false
where ScalametaParser = scala.meta.internal.parsers.ScalametaParser@72af186f
where ScalametaParser.this.token = case
where Token = scala.meta.tokens.Token$@73092ed4
	at java.base/java.util.concurrent.CompletableFuture.encodeThrowable(CompletableFuture.java:314)
	at java.base/java.util.concurrent.CompletableFuture.completeThrowable(CompletableFuture.java:319)
	at java.base/java.util.concurrent.CompletableFuture$AsyncSupply.run(CompletableFuture.java:1702)
	at java.base/java.util.concurrent.ThreadPoolExecutor.runWorker(ThreadPoolExecutor.java:1128)
	at java.base/java.util.concurrent.ThreadPoolExecutor$Worker.run(ThreadPoolExecutor.java:628)
	at java.base/java.lang.Thread.run(Thread.java:834)
Caused by: org.scalameta.invariants.InvariantFailedException: invariant failed:
when verifying scala.meta.classifiers.`package`.XtensionClassifiable[scala.meta.tokens.Token](ScalametaParser.this.token)(scala.meta.tokens.Token.classifiable[scala.meta.tokens.Token]).isNot[scala.meta.tokens.Token.KwCase](Token.this.KwCase.classifier[scala.meta.tokens.Token]).&&(org.scalameta.`package`.debug(ScalametaParser.this.token))
found that scala.meta.classifiers.`package`.XtensionClassifiable[scala.meta.tokens.Token](ScalametaParser.this.token)(scala.meta.tokens.Token.classifiable[scala.meta.tokens.Token]).isNot[scala.meta.tokens.Token.KwCase](Token.this.KwCase.classifier[scala.meta.tokens.Token]) is false
where ScalametaParser = scala.meta.internal.parsers.ScalametaParser@72af186f
where ScalametaParser.this.token = case
where Token = scala.meta.tokens.Token$@73092ed4
	at org.scalameta.invariants.InvariantFailedException$.raise(Exceptions.scala:19)
	at scala.meta.internal.parsers.ScalametaParser.$anonfun$caseClause$1(ScalametaParser.scala:2820)
	at scala.meta.internal.parsers.ScalametaParser.atPos(ScalametaParser.scala:688)
	at scala.meta.internal.parsers.ScalametaParser.caseClause(ScalametaParser.scala:2819)
	at scala.meta.internal.parsers.ScalametaParser.caseClauses(ScalametaParser.scala:2860)
	at scala.meta.internal.parsers.ScalametaParser.$anonfun$matchClause$4(ScalametaParser.scala:2025)
	at scala.meta.internal.parsers.ScalametaParser.inBraces(ScalametaParser.scala:611)
	at scala.meta.internal.parsers.ScalametaParser.inBracesOrError(ScalametaParser.scala:618)
	at scala.meta.internal.parsers.ScalametaParser.inBracesOrNil(ScalametaParser.scala:633)
	at scala.meta.internal.parsers.ScalametaParser.$anonfun$matchClause$3(ScalametaParser.scala:2025)
	at scala.meta.internal.parsers.ScalametaParser.atPos(ScalametaParser.scala:688)
	at scala.meta.internal.parsers.ScalametaParser.matchClause(ScalametaParser.scala:2025)
	at scala.meta.internal.parsers.ScalametaParser.$anonfun$expr$1(ScalametaParser.scala:2189)
	at scala.meta.internal.parsers.ScalametaParser.atPos(ScalametaParser.scala:688)
	at scala.meta.internal.parsers.ScalametaParser.autoPos(ScalametaParser.scala:704)
	at scala.meta.internal.parsers.ScalametaParser.expr(ScalametaParser.scala:2033)
	at scala.meta.internal.parsers.ScalametaParser.$anonfun$blockStatSeq$2(ScalametaParser.scala:4668)
	at scala.meta.internal.parsers.ScalametaParser.stat(ScalametaParser.scala:4514)
	at scala.meta.internal.parsers.ScalametaParser.blockStatSeq(ScalametaParser.scala:4668)
	at scala.meta.internal.parsers.ScalametaParser.$anonfun$block$1(ScalametaParser.scala:2816)
	at scala.meta.internal.parsers.ScalametaParser.atPos(ScalametaParser.scala:688)
	at scala.meta.internal.parsers.ScalametaParser.autoPos(ScalametaParser.scala:704)
	at scala.meta.internal.parsers.ScalametaParser.block(ScalametaParser.scala:2815)
	at scala.meta.internal.parsers.ScalametaParser.$anonfun$blockExpr$1(ScalametaParser.scala:2811)
	at scala.meta.internal.parsers.ScalametaParser.atPos(ScalametaParser.scala:688)
	at scala.meta.internal.parsers.ScalametaParser.autoPos(ScalametaParser.scala:704)
	at scala.meta.internal.parsers.ScalametaParser.blockExpr(ScalametaParser.scala:2809)
	at scala.meta.internal.parsers.ScalametaParser.$anonfun$simpleExpr0$4(ScalametaParser.scala:2629)
	at scala.meta.internal.parsers.ScalametaParser.inBraces(ScalametaParser.scala:611)
	at scala.meta.internal.parsers.ScalametaParser.$anonfun$simpleExpr0$1(ScalametaParser.scala:2629)
	at scala.meta.internal.parsers.ScalametaParser.atPosTry(ScalametaParser.scala:697)
	at scala.meta.internal.parsers.ScalametaParser.autoPosTry(ScalametaParser.scala:707)
	at scala.meta.internal.parsers.ScalametaParser.simpleExpr0(ScalametaParser.scala:2607)
	at scala.meta.internal.parsers.ScalametaParser.simpleExpr(ScalametaParser.scala:2605)
	at scala.meta.internal.parsers.ScalametaParser.prefixExpr(ScalametaParser.scala:2589)
	at scala.meta.internal.parsers.ScalametaParser.postfixExpr(ScalametaParser.scala:2569)
	at scala.meta.internal.parsers.ScalametaParser.$anonfun$expr$15(ScalametaParser.scala:2167)
	at scala.meta.internal.parsers.ScalametaParser.atPos(ScalametaParser.scala:688)
	at scala.meta.internal.parsers.ScalametaParser.autoPos(ScalametaParser.scala:704)
	at scala.meta.internal.parsers.ScalametaParser.$anonfun$expr$1(ScalametaParser.scala:2167)
	at scala.meta.internal.parsers.ScalametaParser.atPos(ScalametaParser.scala:688)
	at scala.meta.internal.parsers.ScalametaParser.autoPos(ScalametaParser.scala:704)
	at scala.meta.internal.parsers.ScalametaParser.expr(ScalametaParser.scala:2033)
	at scala.meta.internal.parsers.ScalametaParser.expr(ScalametaParser.scala:1977)
	at scala.meta.internal.parsers.ScalametaParser.$anonfun$expr$1(ScalametaParser.scala:2154)
	at scala.meta.internal.parsers.ScalametaParser.atPos(ScalametaParser.scala:688)
	at scala.meta.internal.parsers.ScalametaParser.autoPos(ScalametaParser.scala:704)
	at scala.meta.internal.parsers.ScalametaParser.expr(ScalametaParser.scala:2033)
	at scala.meta.internal.parsers.ScalametaParser.$anonfun$blockStatSeq$2(ScalametaParser.scala:4668)
	at scala.meta.internal.parsers.ScalametaParser.stat(ScalametaParser.scala:4514)
	at scala.meta.internal.parsers.ScalametaParser.blockStatSeq(ScalametaParser.scala:4668)
	at scala.meta.internal.parsers.ScalametaParser.$anonfun$block$1(ScalametaParser.scala:2816)
	at scala.meta.internal.parsers.ScalametaParser.atPos(ScalametaParser.scala:688)
	at scala.meta.internal.parsers.ScalametaParser.autoPos(ScalametaParser.scala:704)
	at scala.meta.internal.parsers.ScalametaParser.block(ScalametaParser.scala:2815)
	at scala.meta.internal.parsers.ScalametaParser.$anonfun$blockExpr$1(ScalametaParser.scala:2811)
	at scala.meta.internal.parsers.ScalametaParser.atPos(ScalametaParser.scala:688)
	at scala.meta.internal.parsers.ScalametaParser.autoPos(ScalametaParser.scala:704)
	at scala.meta.internal.parsers.ScalametaParser.blockExpr(ScalametaParser.scala:2809)
	at scala.meta.internal.parsers.ScalametaParser.$anonfun$simpleExpr0$4(ScalametaParser.scala:2629)
	at scala.meta.internal.parsers.ScalametaParser.inBraces(ScalametaParser.scala:611)
	at scala.meta.internal.parsers.ScalametaParser.$anonfun$simpleExpr0$1(ScalametaParser.scala:2629)
	at scala.meta.internal.parsers.ScalametaParser.atPosTry(ScalametaParser.scala:697)
	at scala.meta.internal.parsers.ScalametaParser.autoPosTry(ScalametaParser.scala:707)
	at scala.meta.internal.parsers.ScalametaParser.simpleExpr0(ScalametaParser.scala:2607)
	at scala.meta.internal.parsers.ScalametaParser.simpleExpr(ScalametaParser.scala:2605)
	at scala.meta.internal.parsers.ScalametaParser.prefixExpr(ScalametaParser.scala:2589)
	at scala.meta.internal.parsers.ScalametaParser.postfixExpr(ScalametaParser.scala:2569)
	at scala.meta.internal.parsers.ScalametaParser.$anonfun$expr$15(ScalametaParser.scala:2167)
	at scala.meta.internal.parsers.ScalametaParser.atPos(ScalametaParser.scala:688)
	at scala.meta.internal.parsers.ScalametaParser.autoPos(ScalametaParser.scala:704)
	at scala.meta.internal.parsers.ScalametaParser.$anonfun$expr$1(ScalametaParser.scala:2167)
	at scala.meta.internal.parsers.ScalametaParser.atPos(ScalametaParser.scala:688)
	at scala.meta.internal.parsers.ScalametaParser.autoPos(ScalametaParser.scala:704)
	at scala.meta.internal.parsers.ScalametaParser.expr(ScalametaParser.scala:2033)
	at scala.meta.internal.parsers.ScalametaParser.expr(ScalametaParser.scala:1977)
	at scala.meta.internal.parsers.ScalametaParser.exprMaybeIndented(ScalametaParser.scala:2005)
	at scala.meta.internal.parsers.ScalametaParser.$anonfun$funDefRest$1(ScalametaParser.scala:3975)
	at scala.meta.internal.parsers.ScalametaParser.atPos(ScalametaParser.scala:688)
	at scala.meta.internal.parsers.ScalametaParser.funDefRest(ScalametaParser.scala:3917)
	at scala.meta.internal.parsers.ScalametaParser.funDefOrDclOrExtensionOrSecondaryCtor(ScalametaParser.scala:3869)
	at scala.meta.internal.parsers.ScalametaParser.defOrDclOrSecondaryCtor(ScalametaParser.scala:3755)
	at scala.meta.internal.parsers.ScalametaParser.nonLocalDefOrDcl(ScalametaParser.scala:3740)
	at scala.meta.internal.parsers.ScalametaParser$$anonfun$templateStat$1.applyOrElse(ScalametaParser.scala:4595)
	at scala.meta.internal.parsers.ScalametaParser$$anonfun$templateStat$1.applyOrElse(ScalametaParser.scala:4589)
	at scala.runtime.AbstractPartialFunction.apply(AbstractPartialFunction.scala:38)
	at scala.meta.internal.parsers.ScalametaParser.statSeq(ScalametaParser.scala:4533)
	at scala.meta.internal.parsers.ScalametaParser.templateStats(ScalametaParser.scala:4588)
	at scala.meta.internal.parsers.ScalametaParser.templateStatSeq(ScalametaParser.scala:4585)
	at scala.meta.internal.parsers.ScalametaParser.$anonfun$templateBody$1(ScalametaParser.scala:4442)
	at scala.meta.internal.parsers.ScalametaParser.inBraces(ScalametaParser.scala:611)
	at scala.meta.internal.parsers.ScalametaParser.templateBody(ScalametaParser.scala:4442)
	at scala.meta.internal.parsers.ScalametaParser.templateBodyOpt(ScalametaParser.scala:4447)
	at scala.meta.internal.parsers.ScalametaParser.template(ScalametaParser.scala:4380)
	at scala.meta.internal.parsers.ScalametaParser.$anonfun$template$1(ScalametaParser.scala:4401)
	at scala.meta.internal.parsers.ScalametaParser.atPos(ScalametaParser.scala:688)
	at scala.meta.internal.parsers.ScalametaParser.autoPos(ScalametaParser.scala:704)
	at scala.meta.internal.parsers.ScalametaParser.template(ScalametaParser.scala:4386)
	at scala.meta.internal.parsers.ScalametaParser.$anonfun$simpleExpr0$5(ScalametaParser.scala:2634)
	at scala.meta.internal.parsers.ScalametaParser.atPos(ScalametaParser.scala:688)
	at scala.meta.internal.parsers.ScalametaParser.$anonfun$simpleExpr0$1(ScalametaParser.scala:2634)
	at scala.meta.internal.parsers.ScalametaParser.atPosTry(ScalametaParser.scala:697)
	at scala.meta.internal.parsers.ScalametaParser.autoPosTry(ScalametaParser.scala:707)
	at scala.meta.internal.parsers.ScalametaParser.simpleExpr0(ScalametaParser.scala:2607)
	at scala.meta.internal.parsers.ScalametaParser.simpleExpr(ScalametaParser.scala:2605)
	at scala.meta.internal.parsers.ScalametaParser.prefixExpr(ScalametaParser.scala:2589)
	at scala.meta.internal.parsers.ScalametaParser.postfixExpr(ScalametaParser.scala:2569)
	at scala.meta.internal.parsers.ScalametaParser.$anonfun$expr$15(ScalametaParser.scala:2167)
	at scala.meta.internal.parsers.ScalametaParser.atPos(ScalametaParser.scala:688)
	at scala.meta.internal.parsers.ScalametaParser.autoPos(ScalametaParser.scala:704)
	at scala.meta.internal.parsers.ScalametaParser.$anonfun$expr$1(ScalametaParser.scala:2167)
	at scala.meta.internal.parsers.ScalametaParser.atPos(ScalametaParser.scala:688)
	at scala.meta.internal.parsers.ScalametaParser.autoPos(ScalametaParser.scala:704)
	at scala.meta.internal.parsers.ScalametaParser.expr(ScalametaParser.scala:2033)
	at scala.meta.internal.parsers.ScalametaParser.expr(ScalametaParser.scala:1977)
	at scala.meta.internal.parsers.ScalametaParser.exprMaybeIndented(ScalametaParser.scala:2005)
	at scala.meta.internal.parsers.ScalametaParser.$anonfun$funDefRest$1(ScalametaParser.scala:3975)
	at scala.meta.internal.parsers.ScalametaParser.atPos(ScalametaParser.scala:688)
	at scala.meta.internal.parsers.ScalametaParser.funDefRest(ScalametaParser.scala:3917)
	at scala.meta.internal.parsers.ScalametaParser.funDefOrDclOrExtensionOrSecondaryCtor(ScalametaParser.scala:3869)
	at scala.meta.internal.parsers.ScalametaParser.defOrDclOrSecondaryCtor(ScalametaParser.scala:3755)
	at scala.meta.internal.parsers.ScalametaParser.nonLocalDefOrDcl(ScalametaParser.scala:3740)
	at scala.meta.internal.parsers.ScalametaParser$$anonfun$3.applyOrElse(ScalametaParser.scala:4475)
	at scala.meta.internal.parsers.ScalametaParser$$anonfun$3.applyOrElse(ScalametaParser.scala:4471)
	at scala.runtime.AbstractPartialFunction.apply(AbstractPartialFunction.scala:38)
	at scala.meta.internal.parsers.ScalametaParser.statSeq(ScalametaParser.scala:4533)
	at scala.meta.internal.parsers.ScalametaParser.$anonfun$scriptSource$1(ScalametaParser.scala:4712)
	at scala.meta.internal.parsers.ScalametaParser.atPos(ScalametaParser.scala:688)
	at scala.meta.internal.parsers.ScalametaParser.autoPos(ScalametaParser.scala:704)
	at scala.meta.internal.parsers.ScalametaParser.scriptSource(ScalametaParser.scala:4711)
	at scala.meta.internal.parsers.ScalametaParser.$anonfun$source$1(ScalametaParser.scala:4701)
	at scala.meta.internal.parsers.ScalametaParser.atPos(ScalametaParser.scala:688)
	at scala.meta.internal.parsers.ScalametaParser.autoPos(ScalametaParser.scala:704)
	at scala.meta.internal.parsers.ScalametaParser.source(ScalametaParser.scala:4701)
	at scala.meta.internal.parsers.ScalametaParser.entrypointSource(ScalametaParser.scala:4707)
	at scala.meta.internal.parsers.ScalametaParser.$anonfun$parseSource$2(ScalametaParser.scala:137)
	at scala.meta.internal.parsers.ScalametaParser.parseRule(ScalametaParser.scala:47)
	at scala.meta.internal.parsers.ScalametaParser.parseSource(ScalametaParser.scala:137)
	at scala.meta.parsers.Parse$.$anonfun$parseSource$1(Parse.scala:29)
	at scala.meta.internal.parsers.ScalametaParser$$anon$245.apply(ScalametaParser.scala:4763)
	at scala.meta.parsers.Api$XtensionParseDialectInput.parse(Api.scala:25)
	at scala.meta.internal.metals.Trees.$anonfun$parse$1(Trees.scala:66)
	at scala.Option.map(Option.scala:230)
	at scala.meta.internal.metals.Trees.parse(Trees.scala:64)
	at scala.meta.internal.metals.Trees.didChange(Trees.scala:38)
	at scala.meta.internal.pc.ScalaPresentationCompiler.$anonfun$didChange$1(ScalaPresentationCompiler.scala:128)
	at java.base/java.util.concurrent.CompletableFuture$AsyncSupply.run(CompletableFuture.java:1700)
	... 3 more

Nov 21, 2020 10:56:16 PM org.eclipse.lsp4j.jsonrpc.RemoteEndpoint handleCancellation
WARNING: Unmatched cancel notification for request id 3787
Nov 21, 2020 10:56:54 PM org.eclipse.lsp4j.jsonrpc.RemoteEndpoint handleCancellation
WARNING: Unmatched cancel notification for request id 3954
2020.11.21 22:57:56 WARN  no build target for: /home/falcon/p/hos2/c5/ParseFromString.sc
Nov 21, 2020 10:58:52 PM org.eclipse.lsp4j.jsonrpc.RemoteEndpoint handleCancellation
WARNING: Unmatched cancel notification for request id 4413
2020.11.21 22:59:11 WARN  no build target for: /home/falcon/p/hos2/c5/ParseFromString.sc
2020.11.21 22:59:30 WARN  no build target for: /home/falcon/p/hos2/c5/ParseFromString.sc
2020.11.21 22:59:53 WARN  no build target for: /home/falcon/p/hos2/c5/ParseFromString.sc
2020.11.21 23:00:43 WARN  no build target for: /home/falcon/p/hos2/c5/ParseFromString.sc
something's wrong: no file:///home/falcon/p/hos2/c5/ParseFromString.sc in Seq[T]RangePosition(file:///home/falcon/p/hos2/c5/ParseFromString.sc, 733, 733, 739)
2020.11.21 23:02:06 WARN  no build target for: /home/falcon/p/hos2/c5/ParseFromString.sc
something's wrong: no file:///home/falcon/p/hos2/c5/ParseFromString.sc in Seq[T]RangePosition(file:///home/falcon/p/hos2/c5/ParseFromString.sc, 733, 733, 739)
2020.11.21 23:04:31 WARN  no build target for: /home/falcon/p/hos2/c5/ParseFromString.sc
2020.11.21 23:09:48 WARN  no build target for: /home/falcon/p/hos2/c5/ParseFromString.sc
2020.11.21 23:13:11 WARN  no build target for: /home/falcon/p/hos2/c5/ParseFromString.sc
Nov 21, 2020 11:14:42 PM org.eclipse.lsp4j.jsonrpc.RemoteEndpoint handleCancellation
WARNING: Unmatched cancel notification for request id 5857
2020.11.21 23:16:34 WARN  no build target for: /home/falcon/p/hos2/c5/ParseFromString.sc
2020.11.22 01:59:16 INFO  shutting down Metals
2020.11.22 02:44:17 INFO  Started: Metals version 0.9.6 in workspace '/home/falcon/p/hos2/c5' for client vscode.
2020.11.22 02:44:18 INFO  time: initialize in 1.7s
2020.11.22 02:44:19 WARN  Build server is not auto-connectable.
2020.11.22 02:44:19 WARN  no build tool detected in workspace '/home/falcon/p/hos2/c5'. The most common cause for this problem is that the editor was opened in the wrong working directory, for example if you use sbt then the workspace directory should contain build.sbt. 
2020.11.22 02:44:19 WARN  no build target for: /home/falcon/p/hos2/c5/ParseFromString.sc
2020.11.22 02:44:22 INFO  no build target: using presentation compiler with only scala-library
2020.11.22 03:52:38 INFO  shutting down Metals
2020.11.22 03:52:48 INFO  Started: Metals version 0.9.6 in workspace '/home/falcon/p/hos2/c5' for client vscode.
2020.11.22 03:52:50 INFO  time: initialize in 1.78s
2020.11.22 03:52:50 WARN  Build server is not auto-connectable.
2020.11.22 03:52:50 WARN  no build tool detected in workspace '/home/falcon/p/hos2/c5'. The most common cause for this problem is that the editor was opened in the wrong working directory, for example if you use sbt then the workspace directory should contain build.sbt. 
2020.11.22 03:52:50 WARN  no build target for: /home/falcon/p/hos2/c5/ParseFromString.sc
2020.11.22 03:52:53 INFO  no build target: using presentation compiler with only scala-library
2020.11.22 03:52:57 WARN  no build target for: /home/falcon/p/hos2/c5/ParseFromString.sc
2020.11.22 03:52:57 INFO  shutting down Metals
